# JRE version: Java(TM) SE Runtime Environment (8.0_221-b11) (build 1.8.0_221-b11)
# Java VM: Java HotSpot(TM) 64-Bit Server VM (25.221-b11 mixed mode windows-amd64 compressed oops)
Heap:
 PSYoungGen      total 157184K, used 7201K [0x00000000e0000000, 0x00000000eae00000, 0x0000000100000000)
  eden space 136192K, 0% used [0x00000000e0000000,0x00000000e0000000,0x00000000e8500000)
  from space 20992K, 34% used [0x00000000e8500000,0x00000000e8c084a0,0x00000000e9980000)
  to   space 18432K, 0% used [0x00000000e9c00000,0x00000000e9c00000,0x00000000eae00000)
 ParOldGen       total 277504K, used 35790K [0x00000000a0000000, 0x00000000b0f00000, 0x00000000e0000000)
  object space 277504K, 12% used [0x00000000a0000000,0x00000000a22f3a60,0x00000000b0f00000)
 Metaspace       used 63336K, capacity 65790K, committed 65792K, reserved 1110016K
  class space    used 8911K, capacity 9471K, committed 9472K, reserved 1048576K
GC Heap History (10 events):
Event: 40.149 GC heap after
Heap after GC invocations=10 (full 2):
 PSYoungGen      total 131584K, used 14832K [0x00000000e0000000, 0x00000000e9400000, 0x0000000100000000)
  eden space 116736K, 0% used [0x00000000e0000000,0x00000000e0000000,0x00000000e7200000)
  from space 14848K, 99% used [0x00000000e8400000,0x00000000e927c378,0x00000000e9280000)
  to   space 17408K, 0% used [0x00000000e7200000,0x00000000e7200000,0x00000000e8300000)
 ParOldGen       total 185856K, used 19818K [0x00000000a0000000, 0x00000000ab580000, 0x00000000e0000000)
  object space 185856K, 10% used [0x00000000a0000000,0x00000000a135aa08,0x00000000ab580000)
 Metaspace       used 49423K, capacity 51154K, committed 51328K, reserved 1093632K
  class space    used 6857K, capacity 7285K, committed 7296K, reserved 1048576K
}
Event: 48.446 GC heap before
{Heap before GC invocations=11 (full 2):
 PSYoungGen      total 131584K, used 119841K [0x00000000e0000000, 0x00000000e9400000, 0x0000000100000000)
  eden space 116736K, 89% used [0x00000000e0000000,0x00000000e668c3a8,0x00000000e7200000)
  from space 14848K, 99% used [0x00000000e8400000,0x00000000e927c378,0x00000000e9280000)
  to   space 17408K, 0% used [0x00000000e7200000,0x00000000e7200000,0x00000000e8300000)
 ParOldGen       total 185856K, used 19818K [0x00000000a0000000, 0x00000000ab580000, 0x00000000e0000000)
  object space 185856K, 10% used [0x00000000a0000000,0x00000000a135aa08,0x00000000ab580000)
 Metaspace       used 56833K, capacity 58996K, committed 59028K, reserved 1099776K
  class space    used 7936K, capacity 8433K, committed 8448K, reserved 1048576K
Event: 48.478 GC heap after
Heap after GC invocations=11 (full 2):
 PSYoungGen      total 134144K, used 17380K [0x00000000e0000000, 0x00000000eb100000, 0x0000000100000000)
  eden space 116736K, 0% used [0x00000000e0000000,0x00000000e0000000,0x00000000e7200000)
  from space 17408K, 99% used [0x00000000e7200000,0x00000000e82f9330,0x00000000e8300000)
  to   space 21504K, 0% used [0x00000000e9c00000,0x00000000e9c00000,0x00000000eb100000)
 ParOldGen       total 185856K, used 24913K [0x00000000a0000000, 0x00000000ab580000, 0x00000000e0000000)
  object space 185856K, 13% used [0x00000000a0000000,0x00000000a18544e8,0x00000000ab580000)
 Metaspace       used 56833K, capacity 58996K, committed 59028K, reserved 1099776K
  class space    used 7936K, capacity 8433K, committed 8448K, reserved 1048576K
}
Event: 48.478 GC heap before
{Heap before GC invocations=12 (full 3):
 PSYoungGen      total 134144K, used 17380K [0x00000000e0000000, 0x00000000eb100000, 0x0000000100000000)
  eden space 116736K, 0% used [0x00000000e0000000,0x00000000e0000000,0x00000000e7200000)
  from space 17408K, 99% used [0x00000000e7200000,0x00000000e82f9330,0x00000000e8300000)
  to   space 21504K, 0% used [0x00000000e9c00000,0x00000000e9c00000,0x00000000eb100000)
 ParOldGen       total 185856K, used 24913K [0x00000000a0000000, 0x00000000ab580000, 0x00000000e0000000)
  object space 185856K, 13% used [0x00000000a0000000,0x00000000a18544e8,0x00000000ab580000)
 Metaspace       used 56833K, capacity 58996K, committed 59028K, reserved 1099776K
  class space    used 7936K, capacity 8433K, committed 8448K, reserved 1048576K
Event: 48.755 GC heap after
Heap after GC invocations=12 (full 3):
 PSYoungGen      total 134144K, used 0K [0x00000000e0000000, 0x00000000eb100000, 0x0000000100000000)
  eden space 116736K, 0% used [0x00000000e0000000,0x00000000e0000000,0x00000000e7200000)
  from space 17408K, 0% used [0x00000000e7200000,0x00000000e7200000,0x00000000e8300000)
  to   space 21504K, 0% used [0x00000000e9c00000,0x00000000e9c00000,0x00000000eb100000)
 ParOldGen       total 277504K, used 35782K [0x00000000a0000000, 0x00000000b0f00000, 0x00000000e0000000)
  object space 277504K, 12% used [0x00000000a0000000,0x00000000a22f1a60,0x00000000b0f00000)
 Metaspace       used 56827K, capacity 58978K, committed 59028K, reserved 1099776K
  class space    used 7935K, capacity 8430K, committed 8448K, reserved 1048576K
}
Event: 57.951 GC heap before
{Heap before GC invocations=13 (full 3):
 PSYoungGen      total 134144K, used 116736K [0x00000000e0000000, 0x00000000eb100000, 0x0000000100000000)
  eden space 116736K, 100% used [0x00000000e0000000,0x00000000e7200000,0x00000000e7200000)
  from space 17408K, 0% used [0x00000000e7200000,0x00000000e7200000,0x00000000e8300000)
  to   space 21504K, 0% used [0x00000000e9c00000,0x00000000e9c00000,0x00000000eb100000)
 ParOldGen       total 277504K, used 35782K [0x00000000a0000000, 0x00000000b0f00000, 0x00000000e0000000)
  object space 277504K, 12% used [0x00000000a0000000,0x00000000a22f1a60,0x00000000b0f00000)
 Metaspace       used 62830K, capacity 65160K, committed 65280K, reserved 1105920K
  class space    used 8816K, capacity 9376K, committed 9472K, reserved 1048576K
Event: 57.968 GC heap after
Heap after GC invocations=13 (full 3):
 PSYoungGen      total 154624K, used 9591K [0x00000000e0000000, 0x00000000eae00000, 0x0000000100000000)
  eden space 136192K, 0% used [0x00000000e0000000,0x00000000e0000000,0x00000000e8500000)
  from space 18432K, 52% used [0x00000000e9c00000,0x00000000ea55dc88,0x00000000eae00000)
  to   space 20992K, 0% used [0x00000000e8500000,0x00000000e8500000,0x00000000e9980000)
 ParOldGen       total 277504K, used 35790K [0x00000000a0000000, 0x00000000b0f00000, 0x00000000e0000000)
  object space 277504K, 12% used [0x00000000a0000000,0x00000000a22f3a60,0x00000000b0f00000)
 Metaspace       used 62830K, capacity 65160K, committed 65280K, reserved 1105920K
  class space    used 8816K, capacity 9376K, committed 9472K, reserved 1048576K
}
Event: 77.954 GC heap before
{Heap before GC invocations=14 (full 3):
 PSYoungGen      total 154624K, used 25537K [0x00000000e0000000, 0x00000000eae00000, 0x0000000100000000)
  eden space 136192K, 11% used [0x00000000e0000000,0x00000000e0f92830,0x00000000e8500000)
  from space 18432K, 52% used [0x00000000e9c00000,0x00000000ea55dc88,0x00000000eae00000)
  to   space 20992K, 0% used [0x00000000e8500000,0x00000000e8500000,0x00000000e9980000)
 ParOldGen       total 277504K, used 35790K [0x00000000a0000000, 0x00000000b0f00000, 0x00000000e0000000)
  object space 277504K, 12% used [0x00000000a0000000,0x00000000a22f3a60,0x00000000b0f00000)
 Metaspace       used 63336K, capacity 65790K, committed 65792K, reserved 1110016K
  class space    used 8911K, capacity 9471K, committed 9472K, reserved 1048576K
Event: 77.966 GC heap after
Heap after GC invocations=14 (full 3):
 PSYoungGen      total 157184K, used 7201K [0x00000000e0000000, 0x00000000eae00000, 0x0000000100000000)
  eden space 136192K, 0% used [0x00000000e0000000,0x00000000e0000000,0x00000000e8500000)
  from space 20992K, 34% used [0x00000000e8500000,0x00000000e8c084a0,0x00000000e9980000)
  to   space 18432K, 0% used [0x00000000e9c00000,0x00000000e9c00000,0x00000000eae00000)
 ParOldGen       total 277504K, used 35790K [0x00000000a0000000, 0x00000000b0f00000, 0x00000000e0000000)
  object space 277504K, 12% used [0x00000000a0000000,0x00000000a22f3a60,0x00000000b0f00000)
 Metaspace       used 63336K, capacity 65790K, committed 65792K, reserved 1110016K
  class space    used 8911K, capacity 9471K, committed 9472K, reserved 1048576K
}
Event: 77.966 GC heap before
{Heap before GC invocations=15 (full 4):
 PSYoungGen      total 157184K, used 7201K [0x00000000e0000000, 0x00000000eae00000, 0x0000000100000000)
  eden space 136192K, 0% used [0x00000000e0000000,0x00000000e0000000,0x00000000e8500000)
  from space 20992K, 34% used [0x00000000e8500000,0x00000000e8c084a0,0x00000000e9980000)
  to   space 18432K, 0% used [0x00000000e9c00000,0x00000000e9c00000,0x00000000eae00000)
 ParOldGen       total 277504K, used 35790K [0x00000000a0000000, 0x00000000b0f00000, 0x00000000e0000000)
  object space 277504K, 12% used [0x00000000a0000000,0x00000000a22f3a60,0x00000000b0f00000)
 Metaspace       used 63336K, capacity 65790K, committed 65792K, reserved 1110016K
  class space    used 8911K, capacity 9471K, committed 9472K, reserved 1048576K

