# JRE version: Java(TM) SE Runtime Environment (8.0_221-b11) (build 1.8.0_221-b11)
# Java VM: Java HotSpot(TM) 64-Bit Server VM (25.221-b11 mixed mode windows-amd64 compressed oops)
Heap:
 PSYoungGen      total 150528K, used 140334K [0x00000000e0000000, 0x00000000ea800000, 0x0000000100000000)
  eden space 132608K, 92% used [0x00000000e0000000,0x00000000e778f5b8,0x00000000e8180000)
  from space 17920K, 99% used [0x00000000e8180000,0x00000000e92fc4c0,0x00000000e9300000)
  to   space 15360K, 0% used [0x00000000e9300000,0x00000000e9300000,0x00000000ea200000)
 ParOldGen       total 179712K, used 42221K [0x00000000a0000000, 0x00000000aaf80000, 0x00000000e0000000)
  object space 179712K, 23% used [0x00000000a0000000,0x00000000a293b7d0,0x00000000aaf80000)
 Metaspace       used 67904K, capacity 70222K, committed 70400K, reserved 1110016K
  class space    used 9401K, capacity 9895K, committed 9984K, reserved 1048576K
GC Heap History (10 events):
Event: 12.771 GC heap before
{Heap before GC invocations=10 (full 2):
 PSYoungGen      total 111616K, used 111606K [0x00000000e0000000, 0x00000000ea200000, 0x0000000100000000)
  eden space 98304K, 100% used [0x00000000e0000000,0x00000000e6000000,0x00000000e6000000)
  from space 13312K, 99% used [0x00000000e6000000,0x00000000e6cfdb50,0x00000000e6d00000)
  to   space 15360K, 0% used [0x00000000e9300000,0x00000000e9300000,0x00000000ea200000)
 ParOldGen       total 179712K, used 19407K [0x00000000a0000000, 0x00000000aaf80000, 0x00000000e0000000)
  object space 179712K, 10% used [0x00000000a0000000,0x00000000a12f3d78,0x00000000aaf80000)
 Metaspace       used 51400K, capacity 52622K, committed 52864K, reserved 1095680K
  class space    used 7118K, capacity 7438K, committed 7552K, reserved 1048576K
Event: 12.791 GC heap after
Heap after GC invocations=10 (full 2):
 PSYoungGen      total 147968K, used 15333K [0x00000000e0000000, 0x00000000ea800000, 0x0000000100000000)
  eden space 132608K, 0% used [0x00000000e0000000,0x00000000e0000000,0x00000000e8180000)
  from space 15360K, 99% used [0x00000000e9300000,0x00000000ea1f9710,0x00000000ea200000)
  to   space 17920K, 0% used [0x00000000e8180000,0x00000000e8180000,0x00000000e9300000)
 ParOldGen       total 179712K, used 20883K [0x00000000a0000000, 0x00000000aaf80000, 0x00000000e0000000)
  object space 179712K, 11% used [0x00000000a0000000,0x00000000a1464ec8,0x00000000aaf80000)
 Metaspace       used 51400K, capacity 52622K, committed 52864K, reserved 1095680K
  class space    used 7118K, capacity 7438K, committed 7552K, reserved 1048576K
}
Event: 14.194 GC heap before
{Heap before GC invocations=11 (full 2):
 PSYoungGen      total 147968K, used 104670K [0x00000000e0000000, 0x00000000ea800000, 0x0000000100000000)
  eden space 132608K, 67% used [0x00000000e0000000,0x00000000e573e1d0,0x00000000e8180000)
  from space 15360K, 99% used [0x00000000e9300000,0x00000000ea1f9710,0x00000000ea200000)
  to   space 17920K, 0% used [0x00000000e8180000,0x00000000e8180000,0x00000000e9300000)
 ParOldGen       total 179712K, used 20883K [0x00000000a0000000, 0x00000000aaf80000, 0x00000000e0000000)
  object space 179712K, 11% used [0x00000000a0000000,0x00000000a1464ec8,0x00000000aaf80000)
 Metaspace       used 57402K, capacity 58940K, committed 59028K, reserved 1099776K
  class space    used 8024K, capacity 8396K, committed 8448K, reserved 1048576K
Event: 14.225 GC heap after
Heap after GC invocations=11 (full 2):
 PSYoungGen      total 150528K, used 17890K [0x00000000e0000000, 0x00000000ea800000, 0x0000000100000000)
  eden space 132608K, 0% used [0x00000000e0000000,0x00000000e0000000,0x00000000e8180000)
  from space 17920K, 99% used [0x00000000e8180000,0x00000000e92f8b68,0x00000000e9300000)
  to   space 15360K, 0% used [0x00000000e9300000,0x00000000e9300000,0x00000000ea200000)
 ParOldGen       total 179712K, used 23569K [0x00000000a0000000, 0x00000000aaf80000, 0x00000000e0000000)
  object space 179712K, 13% used [0x00000000a0000000,0x00000000a1704738,0x00000000aaf80000)
 Metaspace       used 57402K, capacity 58940K, committed 59028K, reserved 1099776K
  class space    used 8024K, capacity 8396K, committed 8448K, reserved 1048576K
}
Event: 14.225 GC heap before
{Heap before GC invocations=12 (full 3):
 PSYoungGen      total 150528K, used 17890K [0x00000000e0000000, 0x00000000ea800000, 0x0000000100000000)
  eden space 132608K, 0% used [0x00000000e0000000,0x00000000e0000000,0x00000000e8180000)
  from space 17920K, 99% used [0x00000000e8180000,0x00000000e92f8b68,0x00000000e9300000)
  to   space 15360K, 0% used [0x00000000e9300000,0x00000000e9300000,0x00000000ea200000)
 ParOldGen       total 179712K, used 23569K [0x00000000a0000000, 0x00000000aaf80000, 0x00000000e0000000)
  object space 179712K, 13% used [0x00000000a0000000,0x00000000a1704738,0x00000000aaf80000)
 Metaspace       used 57402K, capacity 58940K, committed 59028K, reserved 1099776K
  class space    used 8024K, capacity 8396K, committed 8448K, reserved 1048576K
Event: 14.488 GC heap after
Heap after GC invocations=12 (full 3):
 PSYoungGen      total 150528K, used 0K [0x00000000e0000000, 0x00000000ea800000, 0x0000000100000000)
  eden space 132608K, 0% used [0x00000000e0000000,0x00000000e0000000,0x00000000e8180000)
  from space 17920K, 0% used [0x00000000e8180000,0x00000000e8180000,0x00000000e9300000)
  to   space 15360K, 0% used [0x00000000e9300000,0x00000000e9300000,0x00000000ea200000)
 ParOldGen       total 179712K, used 36427K [0x00000000a0000000, 0x00000000aaf80000, 0x00000000e0000000)
  object space 179712K, 20% used [0x00000000a0000000,0x00000000a2392d58,0x00000000aaf80000)
 Metaspace       used 57402K, capacity 58940K, committed 59028K, reserved 1099776K
  class space    used 8024K, capacity 8396K, committed 8448K, reserved 1048576K
}
Event: 16.624 GC heap before
{Heap before GC invocations=13 (full 3):
 PSYoungGen      total 150528K, used 132608K [0x00000000e0000000, 0x00000000ea800000, 0x0000000100000000)
  eden space 132608K, 100% used [0x00000000e0000000,0x00000000e8180000,0x00000000e8180000)
  from space 17920K, 0% used [0x00000000e8180000,0x00000000e8180000,0x00000000e9300000)
  to   space 15360K, 0% used [0x00000000e9300000,0x00000000e9300000,0x00000000ea200000)
 ParOldGen       total 179712K, used 36427K [0x00000000a0000000, 0x00000000aaf80000, 0x00000000e0000000)
  object space 179712K, 20% used [0x00000000a0000000,0x00000000a2392d58,0x00000000aaf80000)
 Metaspace       used 61051K, capacity 62992K, committed 63360K, reserved 1103872K
  class space    used 8510K, capacity 8970K, committed 9088K, reserved 1048576K
Event: 16.640 GC heap after
Heap after GC invocations=13 (full 3):
 PSYoungGen      total 147968K, used 15336K [0x00000000e0000000, 0x00000000ea800000, 0x0000000100000000)
  eden space 132608K, 0% used [0x00000000e0000000,0x00000000e0000000,0x00000000e8180000)
  from space 15360K, 99% used [0x00000000e9300000,0x00000000ea1fa1e8,0x00000000ea200000)
  to   space 17920K, 0% used [0x00000000e8180000,0x00000000e8180000,0x00000000e9300000)
 ParOldGen       total 179712K, used 36435K [0x00000000a0000000, 0x00000000aaf80000, 0x00000000e0000000)
  object space 179712K, 20% used [0x00000000a0000000,0x00000000a2394d58,0x00000000aaf80000)
 Metaspace       used 61051K, capacity 62992K, committed 63360K, reserved 1103872K
  class space    used 8510K, capacity 8970K, committed 9088K, reserved 1048576K
}
Event: 19.938 GC heap before
{Heap before GC invocations=14 (full 3):
 PSYoungGen      total 147968K, used 147944K [0x00000000e0000000, 0x00000000ea800000, 0x0000000100000000)
  eden space 132608K, 100% used [0x00000000e0000000,0x00000000e8180000,0x00000000e8180000)
  from space 15360K, 99% used [0x00000000e9300000,0x00000000ea1fa1e8,0x00000000ea200000)
  to   space 17920K, 0% used [0x00000000e8180000,0x00000000e8180000,0x00000000e9300000)
 ParOldGen       total 179712K, used 36435K [0x00000000a0000000, 0x00000000aaf80000, 0x00000000e0000000)
  object space 179712K, 20% used [0x00000000a0000000,0x00000000a2394d58,0x00000000aaf80000)
 Metaspace       used 64146K, capacity 66170K, committed 66304K, reserved 1105920K
  class space    used 8903K, capacity 9387K, committed 9472K, reserved 1048576K
Event: 19.978 GC heap after
Heap after GC invocations=14 (full 3):
 PSYoungGen      total 150528K, used 17905K [0x00000000e0000000, 0x00000000ea800000, 0x0000000100000000)
  eden space 132608K, 0% used [0x00000000e0000000,0x00000000e0000000,0x00000000e8180000)
  from space 17920K, 99% used [0x00000000e8180000,0x00000000e92fc4c0,0x00000000e9300000)
  to   space 15360K, 0% used [0x00000000e9300000,0x00000000e9300000,0x00000000ea200000)
 ParOldGen       total 179712K, used 42221K [0x00000000a0000000, 0x00000000aaf80000, 0x00000000e0000000)
  object space 179712K, 23% used [0x00000000a0000000,0x00000000a293b7d0,0x00000000aaf80000)
 Metaspace       used 64146K, capacity 66170K, committed 66304K, reserved 1105920K
  class space    used 8903K, capacity 9387K, committed 9472K, reserved 1048576K
}

